<?xml version="1.0" encoding="UTF-8"?>
<testsuite xmlns:xsi="http://www.w3.org/2001/XMLSchema-instance" xsi:noNamespaceSchemaLocation="https://maven.apache.org/surefire/maven-surefire-plugin/xsd/surefire-test-report.xsd" version="3.0.2" name="hanh_engel.webplatform.WebPlatformForHanhEngelApplicationTests" time="22.828" tests="1" errors="0" skipped="0" failures="0">
  <properties>
[...]
</properties>
  <testcase name="contextLoads" classname="hanh_engel.webplatform.WebPlatformForHanhEngelApplicationTests" time="1.267">
    <system-out><![CDATA[19:14:38.821 [main] INFO org.springframework.test.context.support.AnnotationConfigContextLoaderUtils -- Could not detect default configuration classes for test class [hanh_engel.webplatform.WebPlatformForHanhEngelApplicationTests]: WebPlatformForHanhEngelApplicationTests does not declare any static, non-private, non-final, nested classes annotated with @Configuration.
19:14:39.512 [main] INFO org.springframework.boot.test.context.SpringBootTestContextBootstrapper -- Found @SpringBootConfiguration hanh_engel.webplatform.WebPlatformForHanhEngelApplication for test class hanh_engel.webplatform.WebPlatformForHanhEngelApplicationTests

  .   ____          _            __ _ _
 /\\ / ___'_ __ _ _(_)_ __  __ _ \ \ \ \
( ( )\___ | '_ | '_| | '_ \/ _` | \ \ \ \
 \\/  ___)| |_)| | | | | || (_| |  ) ) ) )
  '  |____| .__|_| |_|_| |_\__, | / / / /
 =========|_|==============|___/=/_/_/_/

 :: Spring Boot ::                (v3.4.3)

2025-06-19T19:14:41.300+05:00  INFO 4524 --- [WebPlatformForHanhEngel] [           main] .WebPlatformForHanhEngelApplicationTests : Starting WebPlatformForHanhEngelApplicationTests using Java 21.0.3 with PID 4524 (started by Shahbaz Shamshad in D:\Hanh-Engel\backend\webplatform-Backend-First-Milestone-render-postgre)
2025-06-19T19:14:41.308+05:00  INFO 4524 --- [WebPlatformForHanhEngel] [           main] .WebPlatformForHanhEngelApplicationTests : No active profile set, falling back to 1 default profile: "default"
2025-06-19T19:14:46.034+05:00  INFO 4524 --- [WebPlatformForHanhEngel] [           main] .s.d.r.c.RepositoryConfigurationDelegate : Bootstrapping Spring Data JPA repositories in DEFAULT mode.
2025-06-19T19:14:46.226+05:00  INFO 4524 --- [WebPlatformForHanhEngel] [           main] .s.d.r.c.RepositoryConfigurationDelegate : Finished Spring Data repository scanning in 159 ms. Found 1 JPA repository interface.
2025-06-19T19:14:49.023+05:00  INFO 4524 --- [WebPlatformForHanhEngel] [           main] o.hibernate.jpa.internal.util.LogHelper  : HHH000204: Processing PersistenceUnitInfo [name: default]
2025-06-19T19:14:49.262+05:00  INFO 4524 --- [WebPlatformForHanhEngel] [           main] org.hibernate.Version                    : HHH000412: Hibernate ORM core version 6.6.8.Final
2025-06-19T19:14:49.286+05:00  WARN 4524 --- [WebPlatformForHanhEngel] [           main] org.hibernate.orm.deprecation            : HHH90000021: Encountered deprecated setting [javax.persistence.validation.mode], use [jakarta.persistence.validation.mode] instead
2025-06-19T19:14:49.409+05:00  INFO 4524 --- [WebPlatformForHanhEngel] [           main] o.h.c.internal.RegionFactoryInitiator    : HHH000026: Second-level cache disabled
2025-06-19T19:14:50.686+05:00  INFO 4524 --- [WebPlatformForHanhEngel] [           main] o.s.o.j.p.SpringPersistenceUnitInfo      : No LoadTimeWeaver setup: ignoring JPA class transformer
2025-06-19T19:14:50.797+05:00  INFO 4524 --- [WebPlatformForHanhEngel] [           main] com.zaxxer.hikari.HikariDataSource       : HikariPool-1 - Starting...
2025-06-19T19:14:51.768+05:00  INFO 4524 --- [WebPlatformForHanhEngel] [           main] com.zaxxer.hikari.pool.HikariPool        : HikariPool-1 - Added connection org.postgresql.jdbc.PgConnection@74fc3fc7
2025-06-19T19:14:51.772+05:00  INFO 4524 --- [WebPlatformForHanhEngel] [           main] com.zaxxer.hikari.HikariDataSource       : HikariPool-1 - Start completed.
2025-06-19T19:14:51.887+05:00  WARN 4524 --- [WebPlatformForHanhEngel] [           main] org.hibernate.orm.deprecation            : HHH90000025: PostgreSQLDialect does not need to be specified explicitly using 'hibernate.dialect' (remove the property setting and it will be selected by default)
2025-06-19T19:14:52.006+05:00  INFO 4524 --- [WebPlatformForHanhEngel] [           main] org.hibernate.orm.connections.pooling    : HHH10001005: Database info:
	Database JDBC URL [Connecting through datasource 'HikariDataSource (HikariPool-1)']
	Database driver: undefined/unknown
	Database version: 15.13
	Autocommit mode: undefined/unknown
	Isolation level: undefined/unknown
	Minimum pool size: undefined/unknown
	Maximum pool size: undefined/unknown
2025-06-19T19:14:54.952+05:00  INFO 4524 --- [WebPlatformForHanhEngel] [           main] o.h.e.t.j.p.i.JtaPlatformInitiator       : HHH000489: No JTA platform available (set 'hibernate.transaction.jta.platform' to enable JTA platform integration)
2025-06-19T19:14:55.122+05:00  INFO 4524 --- [WebPlatformForHanhEngel] [           main] j.LocalContainerEntityManagerFactoryBean : Initialized JPA EntityManagerFactory for persistence unit 'default'
2025-06-19T19:14:55.361+05:00  INFO 4524 --- [WebPlatformForHanhEngel] [           main] h.webplatform.security.JwtUtil           : Key rotated. Active keys: [61e2ffd6-abeb-43d6-85c1-c13a61a8b8f7]
2025-06-19T19:14:55.364+05:00  INFO 4524 --- [WebPlatformForHanhEngel] [           main] h.webplatform.security.JwtUtil           : Key rotated. Active keys: [61e2ffd6-abeb-43d6-85c1-c13a61a8b8f7]
2025-06-19T19:14:57.340+05:00  WARN 4524 --- [WebPlatformForHanhEngel] [           main] JpaBaseConfiguration$JpaWebConfiguration : spring.jpa.open-in-view is enabled by default. Therefore, database queries may be performed during view rendering. Explicitly configure spring.jpa.open-in-view to disable this warning
2025-06-19T19:14:57.393+05:00  WARN 4524 --- [WebPlatformForHanhEngel] [           main] .s.s.UserDetailsServiceAutoConfiguration : 

Using generated security password: 7ac1482f-1cda-493b-8d33-c31ef67572ca

This generated password is for development use only. Your security configuration must be updated before running your application in production.

2025-06-19T19:14:57.414+05:00  INFO 4524 --- [WebPlatformForHanhEngel] [           main] r$InitializeUserDetailsManagerConfigurer : Global AuthenticationManager configured with UserDetailsService bean with name inMemoryUserDetailsManager
2025-06-19T19:14:59.214+05:00  INFO 4524 --- [WebPlatformForHanhEngel] [           main] .WebPlatformForHanhEngelApplicationTests : Started WebPlatformForHanhEngelApplicationTests in 18.785 seconds (process running for 24.454)
]]></system-out>
    <system-err><![CDATA[Mockito is currently self-attaching to enable the inline-mock-maker. This will no longer work in future releases of the JDK. Please add Mockito as an agent to your build what is described in Mockito's documentation: https://javadoc.io/doc/org.mockito/mockito-core/latest/org/mockito/Mockito.html#0.3
WARNING: A Java agent has been loaded dynamically (C:\Users\Shahbaz Shamshad\.m2\repository\net\bytebuddy\byte-buddy-agent\1.15.11\byte-buddy-agent-1.15.11.jar)
WARNING: If a serviceability tool is in use, please run with -XX:+EnableDynamicAgentLoading to hide this warning
WARNING: If a serviceability tool is not in use, please run with -Djdk.instrument.traceUsage for more information
WARNING: Dynamic loading of agents will be disallowed by default in a future release
]]></system-err>
  </testcase>
</testsuite>